@!@!@STARTMSG 2262:0 @!@!@
TLC2 Version 2.20 of Day Month 20?? (rev: 3e083e3)
@!@!@ENDMSG 2262 @!@!@
@!@!@STARTMSG 2187:0 @!@!@
Running breadth-first search Model-Checking with fp 66 and seed 8370663484792641207 with 1 worker on 6 cores with 1723MB heap and 64MB offheap memory [pid: 32941] (Linux 6.8.0-90-generic amd64, Ubuntu 21.0.9 x86_64, MSBDiskFPSet, DiskStateQueue).
@!@!@ENDMSG 2187 @!@!@
@!@!@STARTMSG 2220:0 @!@!@
Starting SANY...
@!@!@ENDMSG 2220 @!@!@
Parsing file /home/malina/monitoring2k25/mt_spec/MC_MT_Audit_RBAC_Trace_Extended.tla
Parsing file /home/malina/monitoring2k25/mt_spec/MT_Audit_RBAC_Trace_Extended.tla
Parsing file /tmp/tlc-2000630712594874862/TLC.tla (jar:file:/home/malina/.vscode-server/extensions/tlaplus.vscode-ide-2026.1.90033/tools/tla2tools.jar!/tla2sany/StandardModules/TLC.tla)
Parsing file /tmp/tlc-2000630712594874862/Json.tla (jar:file:/home/malina/.vscode-server/extensions/tlaplus.vscode-ide-2026.1.90033/tools/tla2tools.jar!/tla2sany/StandardModules/Json.tla)
Parsing file /tmp/tlc-2000630712594874862/Sequences.tla (jar:file:/home/malina/.vscode-server/extensions/tlaplus.vscode-ide-2026.1.90033/tools/tla2tools.jar!/tla2sany/StandardModules/Sequences.tla)
Parsing file /tmp/tlc-2000630712594874862/FiniteSets.tla (jar:file:/home/malina/.vscode-server/extensions/tlaplus.vscode-ide-2026.1.90033/tools/tla2tools.jar!/tla2sany/StandardModules/FiniteSets.tla)
Parsing file /tmp/tlc-2000630712594874862/Naturals.tla (jar:file:/home/malina/.vscode-server/extensions/tlaplus.vscode-ide-2026.1.90033/tools/tla2tools.jar!/tla2sany/StandardModules/Naturals.tla)
Parsing file /home/malina/monitoring2k25/mt_spec/NatsOps.tla
Parsing file /home/malina/monitoring2k25/mt_spec/MT_Audit_RBAC_Base.tla
Parsing file /tmp/tlc-2000630712594874862/Integers.tla (jar:file:/home/malina/.vscode-server/extensions/tlaplus.vscode-ide-2026.1.90033/tools/tla2tools.jar!/tla2sany/StandardModules/Integers.tla)
Semantic processing of module Naturals
Semantic processing of module Sequences
Semantic processing of module FiniteSets
Semantic processing of module TLC
Semantic processing of module Json
Semantic processing of module Integers
Semantic processing of module NatsOps
Semantic processing of module MT_Audit_RBAC_Base
Semantic processing of module MT_Audit_RBAC_Trace_Extended
Semantic processing of module MC_MT_Audit_RBAC_Trace_Extended
Linting of module Json
Linting of module NatsOps
Linting of module MT_Audit_RBAC_Base
Linting of module MT_Audit_RBAC_Trace_Extended
Linting of module MC_MT_Audit_RBAC_Trace_Extended
@!@!@STARTMSG 2219:0 @!@!@
SANY finished.
@!@!@ENDMSG 2219 @!@!@
@!@!@STARTMSG 2185:0 @!@!@
Starting... (2026-01-21 16:49:16)
@!@!@ENDMSG 2185 @!@!@
@!@!@STARTMSG 2189:0 @!@!@
Computing initial states...
@!@!@ENDMSG 2189 @!@!@
@!@!@STARTMSG 1000:1 @!@!@
@!@!@STARTMSG 2154:0 @!@!@
Attempted to apply the operator overridden by the Java method
public static tlc2.value.IValue tlc2.overrides.Json.deserialize(tlc2.value.impl.StringValue) throws java.io.IOException,
but it produced the following error:
com.google.gson.stream.MalformedJsonException: Use JsonReader.setLenient(true) to accept malformed JSON at line 2 column 2 path $
@!@!@ENDMSG 2154 @!@!@
@!@!@ENDMSG 1000 @!@!@
@!@!@STARTMSG 2103:1 @!@!@
The error occurred when TLC was evaluating the nested
expressions at the following positions:
0. Line 171, column 5 to line 185, column 61 in MT_Audit_RBAC_Trace_Extended
1. Line 171, column 8 to line 171, column 14 in MT_Audit_RBAC_Trace_Extended
2. Line 172, column 8 to line 172, column 25 in MT_Audit_RBAC_Trace_Extended
3. Line 173, column 8 to line 185, column 61 in MT_Audit_RBAC_Trace_Extended
4. Line 174, column 8 to line 185, column 61 in MT_Audit_RBAC_Trace_Extended
5. Line 175, column 9 to line 178, column 30 in MT_Audit_RBAC_Trace_Extended
6. Line 175, column 12 to line 175, column 65 in MT_Audit_RBAC_Trace_Extended
7. Line 175, column 23 to line 175, column 65 in MT_Audit_RBAC_Trace_Extended
8. Line 175, column 32 to line 175, column 50 in MT_Audit_RBAC_Trace_Extended
9. Line 165, column 24 to line 165, column 42 in MT_Audit_RBAC_Trace_Extended
10. Line 139, column 3 to line 140, column 63 in MT_Audit_RBAC_Trace_Extended
11. Line 140, column 13 to line 140, column 61 in MT_Audit_RBAC_Trace_Extended
12. Line 140, column 21 to line 140, column 32 in MT_Audit_RBAC_Trace_Extended
13. Line 140, column 24 to line 140, column 32 in MT_Audit_RBAC_Trace_Extended
14. Line 140, column 28 to line 140, column 31 in MT_Audit_RBAC_Trace_Extended
15. Line 165, column 33 to line 165, column 41 in MT_Audit_RBAC_Trace_Extended
16. Line 59, column 14 to line 59, column 37 in MT_Audit_RBAC_Trace_Extended


@!@!@ENDMSG 2103 @!@!@
@!@!@STARTMSG 2201:0 @!@!@
The coverage statistics at 2026-01-21 16:49:16 (see https://explain.tlapl.us/module-coverage-statistics for how to interpret the following statistics).
@!@!@ENDMSG 2201 @!@!@
@!@!@STARTMSG 2779:0 @!@!@
<nsTenant line 35, col 5 to line 35, col 12 of module MT_Audit_RBAC_Trace_Extended>: 0
@!@!@ENDMSG 2779 @!@!@
@!@!@STARTMSG 2779:0 @!@!@
<roleRules line 38, col 5 to line 38, col 13 of module MT_Audit_RBAC_Trace_Extended>: 0
@!@!@ENDMSG 2779 @!@!@
@!@!@STARTMSG 2779:0 @!@!@
<roleBindings line 36, col 5 to line 36, col 16 of module MT_Audit_RBAC_Trace_Extended>: 0
@!@!@ENDMSG 2779 @!@!@
@!@!@STARTMSG 2779:0 @!@!@
<idx line 34, col 5 to line 34, col 7 of module MT_Audit_RBAC_Trace_Extended>: 0
@!@!@ENDMSG 2779 @!@!@
@!@!@STARTMSG 2779:0 @!@!@
<accessAttempts line 37, col 5 to line 37, col 18 of module MT_Audit_RBAC_Trace_Extended>: 0
@!@!@ENDMSG 2779 @!@!@
@!@!@STARTMSG 2779:0 @!@!@
<serialized line 39, col 5 to line 39, col 14 of module MT_Audit_RBAC_Trace_Extended>: 0
@!@!@ENDMSG 2779 @!@!@
@!@!@STARTMSG 2773:0 @!@!@
<Init line 170, col 1 to line 170, col 4 of module MT_Audit_RBAC_Trace_Extended>: 0:0
@!@!@ENDMSG 2773 @!@!@
@!@!@STARTMSG 2221:0 @!@!@
  line 171, col 5 to line 185, col 61 of module MT_Audit_RBAC_Trace_Extended: 2
@!@!@ENDMSG 2221 @!@!@
@!@!@STARTMSG 2772:0 @!@!@
<Next line 187, col 1 to line 187, col 4 of module MT_Audit_RBAC_Trace_Extended>: 0:0
@!@!@ENDMSG 2772 @!@!@
@!@!@STARTMSG 2221:0 @!@!@
  line 191, col 13 to line 192, col 63 of module MT_Audit_RBAC_Trace_Extended: 0
@!@!@ENDMSG 2221 @!@!@
@!@!@STARTMSG 2221:0 @!@!@
  line 193, col 13 to line 193, col 67 of module MT_Audit_RBAC_Trace_Extended: 0
@!@!@ENDMSG 2221 @!@!@
@!@!@STARTMSG 2221:0 @!@!@
  line 195, col 13 to line 196, col 89 of module MT_Audit_RBAC_Trace_Extended: 0
@!@!@ENDMSG 2221 @!@!@
@!@!@STARTMSG 2221:0 @!@!@
  line 197, col 13 to line 197, col 66 of module MT_Audit_RBAC_Trace_Extended: 0
@!@!@ENDMSG 2221 @!@!@
@!@!@STARTMSG 2221:0 @!@!@
  line 201, col 13 to line 201, col 99 of module MT_Audit_RBAC_Trace_Extended: 0
@!@!@ENDMSG 2221 @!@!@
@!@!@STARTMSG 2221:0 @!@!@
  line 202, col 13 to line 202, col 63 of module MT_Audit_RBAC_Trace_Extended: 0
@!@!@ENDMSG 2221 @!@!@
@!@!@STARTMSG 2221:0 @!@!@
  line 204, col 13 to line 204, col 113 of module MT_Audit_RBAC_Trace_Extended: 0
@!@!@ENDMSG 2221 @!@!@
@!@!@STARTMSG 2221:0 @!@!@
  line 205, col 13 to line 205, col 61 of module MT_Audit_RBAC_Trace_Extended: 0
@!@!@ENDMSG 2221 @!@!@
@!@!@STARTMSG 2221:0 @!@!@
  line 207, col 13 to line 207, col 77 of module MT_Audit_RBAC_Trace_Extended: 0
@!@!@ENDMSG 2221 @!@!@
@!@!@STARTMSG 2221:0 @!@!@
  line 208, col 6 to line 208, col 19 of module MT_Audit_RBAC_Trace_Extended: 0
@!@!@ENDMSG 2221 @!@!@
@!@!@STARTMSG 2774:0 @!@!@
<BaseInv line 236, col 1 to line 236, col 7 of module MT_Audit_RBAC_Trace_Extended>
@!@!@ENDMSG 2774 @!@!@
@!@!@STARTMSG 2202:0 @!@!@
End of statistics.
@!@!@ENDMSG 2202 @!@!@
@!@!@STARTMSG 2200:0 @!@!@
Progress(1) at 2026-01-21 16:49:16: 0 states generated (0 s/min), 0 distinct states found (0 ds/min), 0 states left on queue.
@!@!@ENDMSG 2200 @!@!@
@!@!@STARTMSG 2199:0 @!@!@
0 states generated, 0 distinct states found, 0 states left on queue.
@!@!@ENDMSG 2199 @!@!@
@!@!@STARTMSG 2194:0 @!@!@
The depth of the complete state graph search is 0.
@!@!@ENDMSG 2194 @!@!@
@!@!@STARTMSG 2186:0 @!@!@
Finished in 418ms at (2026-01-21 16:49:16)
@!@!@ENDMSG 2186 @!@!@
