[1/50] action=create-crb name=foo-global-binding group=tenant-a role=admin
[2/50] action=create-clusterrole name=dev resources=configmaps,secrets verbs=delete,deletecollection
[3/50] action=cross-tenant-access context=tenant-a-user@kubernetes resource=configmaps namespace=tenant-b
[4/50] action=cross-tenant-access context=tenant-a-user@kubernetes resource=services namespace=tenant-b
[5/50] action=cross-tenant-access context=tenant-a-user@kubernetes resource=configmaps namespace=tenant-b
[6/50] action=create-clusterrole name=dev resources=services,secrets,pods verbs=create,delete,get
[7/50] action=create-rb ns=tenant-b name=tenant-b-binding group=tenant-b role=admin
[8/50] action=create-rb ns=tenant-a name=tenant-a-binding group=tenant-a role=admin
[9/50] action=delete-crb name=foo-global-binding
[10/50] action=cross-tenant-access context=tenant-a-user@kubernetes resource=services namespace=tenant-b
[11/50] action=create-rb ns=tenant-b name=tenant-b-binding group=tenant-b role=edit
[12/50] action=create-rb ns=tenant-b name=tenant-b-binding group=tenant-b role=admin
[13/50] action=delete-clusterrole name=dev
[14/50] action=cross-tenant-access context=tenant-a-user@kubernetes resource=secrets namespace=tenant-b
[15/50] action=delete-clusterrole name=dev
[16/50] action=cross-tenant-access context=tenant-a-user@kubernetes resource=services namespace=tenant-b
[17/50] action=create-clusterrole name=dev resources=secrets,pods verbs=deletecollection,update,create,get
[18/50] action=cross-tenant-access context=tenant-a-user@kubernetes resource=secrets namespace=tenant-b
[19/50] action=cross-tenant-access context=tenant-a-user@kubernetes resource=configmaps namespace=tenant-b
[20/50] action=cross-tenant-access context=tenant-a-user@kubernetes resource=secrets namespace=tenant-b
[21/50] action=create-clusterrole name=dev resources=configmaps,secrets verbs=watch
[22/50] action=delete-crb name=foo-global-binding
[23/50] action=cross-tenant-access context=tenant-a-user@kubernetes resource=pods namespace=tenant-b
[24/50] action=cross-tenant-access context=tenant-a-user@kubernetes resource=configmaps namespace=tenant-b
[25/50] action=create-rb ns=tenant-a name=tenant-a-binding group=tenant-a role=edit
[26/50] action=create-clusterrole name=dev resources=secrets verbs=update
[27/50] action=cross-tenant-access context=tenant-a-user@kubernetes resource=services namespace=tenant-b
[28/50] action=create-rb ns=tenant-a name=tenant-a-binding group=tenant-a role=admin
[29/50] action=delete-clusterrole name=dev
[30/50] action=cross-tenant-access context=tenant-a-user@kubernetes resource=configmaps namespace=tenant-b
[31/50] action=cross-tenant-access context=tenant-a-user@kubernetes resource=pods namespace=tenant-b
[32/50] action=delete-rb ns=tenant-b name=tenant-b-binding
[33/50] action=delete-rb ns=tenant-a name=tenant-a-binding
[34/50] action=cross-tenant-access context=tenant-a-user@kubernetes resource=secrets namespace=tenant-b
[35/50] action=cross-tenant-access context=tenant-a-user@kubernetes resource=pods namespace=tenant-b
[36/50] action=cross-tenant-access context=tenant-a-user@kubernetes resource=pods namespace=tenant-b
[37/50] action=create-clusterrole name=dev resources=services verbs=get,watch,list,delete,patch
[38/50] action=delete-rb ns=tenant-a name=tenant-a-binding
[39/50] action=cross-tenant-access context=tenant-a-user@kubernetes resource=configmaps namespace=tenant-b
[40/50] action=delete-rb ns=tenant-b name=tenant-b-binding
[41/50] action=cross-tenant-access context=tenant-a-user@kubernetes resource=pods namespace=tenant-b
[42/50] action=delete-clusterrole name=dev
[43/50] action=delete-crb name=foo-global-binding
[44/50] action=delete-crb name=foo-global-binding
[45/50] action=delete-crb name=foo-global-binding
[46/50] action=create-rb ns=tenant-a name=tenant-a-binding group=tenant-a role=dev
[47/50] action=cross-tenant-access context=tenant-a-user@kubernetes resource=secrets namespace=tenant-b
[48/50] action=create-clusterrole name=dev resources=services verbs=patch,get
[49/50] action=delete-rb ns=tenant-b name=tenant-b-binding
[50/50] action=cross-tenant-access context=tenant-a-user@kubernetes resource=configmaps namespace=tenant-b
 ~~~~~~~~~~~~~~~~~~~~~~~~~~~~~~ ALERTS ~~~~~~~~~~~~~~~~~~~~~~~~~~~~~~
[["a1842bab-d92e-49b7-b4c4-c0f444d414ee","clusterrolebinding.created"],["f22d3b6d-9819-4743-8b3a-04ec9b00a1f3","access.attempt"]]
[["29d9245b-f3c4-4792-8095-342a0b1b4944","rolebinding.created"]]
